# JRE version: OpenJDK Runtime Environment (7.0_65-b32) (build 1.7.0_65-b32)
# Java VM: OpenJDK 64-Bit Server VM (24.65-b04 mixed mode linux-amd64 compressed oops)
Heap
 PSYoungGen      total 28160K, used 492K [0x00000000faa80000, 0x00000000fe180000, 0x0000000100000000)
  eden space 24576K, 2% used [0x00000000faa80000,0x00000000faafb218,0x00000000fc280000)
  from space 3584K, 0% used [0x00000000fc280000,0x00000000fc280000,0x00000000fc600000)
  to   space 3584K, 0% used [0x00000000fde00000,0x00000000fde00000,0x00000000fe180000)
 ParOldGen       total 88576K, used 20795K [0x00000000f0000000, 0x00000000f5680000, 0x00000000faa80000)
  object space 88576K, 23% used [0x00000000f0000000,0x00000000f144ed10,0x00000000f5680000)
 PSPermGen       total 43520K, used 21523K [0x00000000e5a00000, 0x00000000e8480000, 0x00000000f0000000)
  object space 43520K, 49% used [0x00000000e5a00000,0x00000000e6f04d78,0x00000000e8480000)
GC Heap History (8 events):
Event: 3.715 GC heap before
{Heap before GC invocations=1 (full 0):
 PSYoungGen      total 28160K, used 24576K [0x00000000faa80000, 0x00000000fc980000, 0x0000000100000000)
  eden space 24576K, 100% used [0x00000000faa80000,0x00000000fc280000,0x00000000fc280000)
  from space 3584K, 0% used [0x00000000fc600000,0x00000000fc600000,0x00000000fc980000)
  to   space 3584K, 0% used [0x00000000fc280000,0x00000000fc280000,0x00000000fc600000)
 ParOldGen       total 63488K, used 0K [0x00000000f0000000, 0x00000000f3e00000, 0x00000000faa80000)
  object space 63488K, 0% used [0x00000000f0000000,0x00000000f0000000,0x00000000f3e00000)
 PSPermGen       total 21504K, used 18344K [0x00000000e5a00000, 0x00000000e6f00000, 0x00000000f0000000)
  object space 21504K, 85% used [0x00000000e5a00000,0x00000000e6bea2d0,0x00000000e6f00000)
Event: 3.733 GC heap after
Heap after GC invocations=1 (full 0):
 PSYoungGen      total 28160K, used 3556K [0x00000000faa80000, 0x00000000fc980000, 0x0000000100000000)
  eden space 24576K, 0% used [0x00000000faa80000,0x00000000faa80000,0x00000000fc280000)
  from space 3584K, 99% used [0x00000000fc280000,0x00000000fc5f9040,0x00000000fc600000)
  to   space 3584K, 0% used [0x00000000fc600000,0x00000000fc600000,0x00000000fc980000)
 ParOldGen       total 63488K, used 4154K [0x00000000f0000000, 0x00000000f3e00000, 0x00000000faa80000)
  object space 63488K, 6% used [0x00000000f0000000,0x00000000f040eab0,0x00000000f3e00000)
 PSPermGen       total 21504K, used 18344K [0x00000000e5a00000, 0x00000000e6f00000, 0x00000000f0000000)
  object space 21504K, 85% used [0x00000000e5a00000,0x00000000e6bea2d0,0x00000000e6f00000)
}
Event: 4.352 GC heap before
{Heap before GC invocations=2 (full 0):
 PSYoungGen      total 28160K, used 28132K [0x00000000faa80000, 0x00000000fc980000, 0x0000000100000000)
  eden space 24576K, 100% used [0x00000000faa80000,0x00000000fc280000,0x00000000fc280000)
  from space 3584K, 99% used [0x00000000fc280000,0x00000000fc5f9040,0x00000000fc600000)
  to   space 3584K, 0% used [0x00000000fc600000,0x00000000fc600000,0x00000000fc980000)
 ParOldGen       total 63488K, used 4154K [0x00000000f0000000, 0x00000000f3e00000, 0x00000000faa80000)
  object space 63488K, 6% used [0x00000000f0000000,0x00000000f040eab0,0x00000000f3e00000)
 PSPermGen       total 21504K, used 20785K [0x00000000e5a00000, 0x00000000e6f00000, 0x00000000f0000000)
  object space 21504K, 96% used [0x00000000e5a00000,0x00000000e6e4c7e8,0x00000000e6f00000)
Event: 4.372 GC heap after
Heap after GC invocations=2 (full 0):
 PSYoungGen      total 28160K, used 3569K [0x00000000faa80000, 0x00000000fe180000, 0x0000000100000000)
  eden space 24576K, 0% used [0x00000000faa80000,0x00000000faa80000,0x00000000fc280000)
  from space 3584K, 99% used [0x00000000fc600000,0x00000000fc97c480,0x00000000fc980000)
  to   space 3584K, 0% used [0x00000000fc280000,0x00000000fc280000,0x00000000fc600000)
 ParOldGen       total 63488K, used 11432K [0x00000000f0000000, 0x00000000f3e00000, 0x00000000faa80000)
  object space 63488K, 18% used [0x00000000f0000000,0x00000000f0b2a058,0x00000000f3e00000)
 PSPermGen       total 21504K, used 20785K [0x00000000e5a00000, 0x00000000e6f00000, 0x00000000f0000000)
  object space 21504K, 96% used [0x00000000e5a00000,0x00000000e6e4c7e8,0x00000000e6f00000)
}
Event: 4.617 GC heap before
{Heap before GC invocations=3 (full 0):
 PSYoungGen      total 28160K, used 28145K [0x00000000faa80000, 0x00000000fe180000, 0x0000000100000000)
  eden space 24576K, 100% used [0x00000000faa80000,0x00000000fc280000,0x00000000fc280000)
  from space 3584K, 99% used [0x00000000fc600000,0x00000000fc97c480,0x00000000fc980000)
  to   space 3584K, 0% used [0x00000000fc280000,0x00000000fc280000,0x00000000fc600000)
 ParOldGen       total 63488K, used 11432K [0x00000000f0000000, 0x00000000f3e00000, 0x00000000faa80000)
  object space 63488K, 18% used [0x00000000f0000000,0x00000000f0b2a058,0x00000000f3e00000)
 PSPermGen       total 22016K, used 21528K [0x00000000e5a00000, 0x00000000e6f80000, 0x00000000f0000000)
  object space 22016K, 97% used [0x00000000e5a00000,0x00000000e6f063f0,0x00000000e6f80000)
Event: 4.646 GC heap after
Heap after GC invocations=3 (full 0):
 PSYoungGen      total 28160K, used 3575K [0x00000000faa80000, 0x00000000fe180000, 0x0000000100000000)
  eden space 24576K, 0% used [0x00000000faa80000,0x00000000faa80000,0x00000000fc280000)
  from space 3584K, 99% used [0x00000000fc280000,0x00000000fc5fdda8,0x00000000fc600000)
  to   space 3584K, 0% used [0x00000000fde00000,0x00000000fde00000,0x00000000fe180000)
 ParOldGen       total 63488K, used 44659K [0x00000000f0000000, 0x00000000f3e00000, 0x00000000faa80000)
  object space 63488K, 70% used [0x00000000f0000000,0x00000000f2b9cdf0,0x00000000f3e00000)
 PSPermGen       total 22016K, used 21528K [0x00000000e5a00000, 0x00000000e6f80000, 0x00000000f0000000)
  object space 22016K, 97% used [0x00000000e5a00000,0x00000000e6f063f0,0x00000000e6f80000)
}
Event: 4.646 GC heap before
{Heap before GC invocations=4 (full 1):
 PSYoungGen      total 28160K, used 3575K [0x00000000faa80000, 0x00000000fe180000, 0x0000000100000000)
  eden space 24576K, 0% used [0x00000000faa80000,0x00000000faa80000,0x00000000fc280000)
  from space 3584K, 99% used [0x00000000fc280000,0x00000000fc5fdda8,0x00000000fc600000)
  to   space 3584K, 0% used [0x00000000fde00000,0x00000000fde00000,0x00000000fe180000)
 ParOldGen       total 63488K, used 44659K [0x00000000f0000000, 0x00000000f3e00000, 0x00000000faa80000)
  object space 63488K, 70% used [0x00000000f0000000,0x00000000f2b9cdf0,0x00000000f3e00000)
 PSPermGen       total 22016K, used 21528K [0x00000000e5a00000, 0x00000000e6f80000, 0x00000000f0000000)
  object space 22016K, 97% used [0x00000000e5a00000,0x00000000e6f063f0,0x00000000e6f80000)
Event: 4.754 GC heap after
Heap after GC invocations=4 (full 1):
 PSYoungGen      total 28160K, used 0K [0x00000000faa80000, 0x00000000fe180000, 0x0000000100000000)
  eden space 24576K, 0% used [0x00000000faa80000,0x00000000faa80000,0x00000000fc280000)
  from space 3584K, 0% used [0x00000000fc280000,0x00000000fc280000,0x00000000fc600000)
  to   space 3584K, 0% used [0x00000000fde00000,0x00000000fde00000,0x00000000fe180000)
 ParOldGen       total 88576K, used 20795K [0x00000000f0000000, 0x00000000f5680000, 0x00000000faa80000)
  object space 88576K, 23% used [0x00000000f0000000,0x00000000f144ed10,0x00000000f5680000)
 PSPermGen       total 43520K, used 21523K [0x00000000e5a00000, 0x00000000e8480000, 0x00000000f0000000)
  object space 43520K, 49% used [0x00000000e5a00000,0x00000000e6f04c90,0x00000000e8480000)
}

