# JRE version: OpenJDK Runtime Environment (7.0_65-b32) (build 1.7.0_65-b32)
# Java VM: OpenJDK 64-Bit Server VM (24.65-b04 mixed mode linux-amd64 compressed oops)
Heap
 PSYoungGen      total 28160K, used 743K [0x00000000faa80000, 0x00000000fe180000, 0x0000000100000000)
  eden space 24576K, 3% used [0x00000000faa80000,0x00000000fab39ee0,0x00000000fc280000)
  from space 3584K, 0% used [0x00000000fc280000,0x00000000fc280000,0x00000000fc600000)
  to   space 3584K, 0% used [0x00000000fde00000,0x00000000fde00000,0x00000000fe180000)
 ParOldGen       total 105984K, used 28941K [0x00000000f0000000, 0x00000000f6780000, 0x00000000faa80000)
  object space 105984K, 27% used [0x00000000f0000000,0x00000000f1c435b0,0x00000000f6780000)
 PSPermGen       total 43008K, used 21414K [0x00000000e5a00000, 0x00000000e8400000, 0x00000000f0000000)
  object space 43008K, 49% used [0x00000000e5a00000,0x00000000e6ee98a8,0x00000000e8400000)
GC Heap History (8 events):
Event: 2.754 GC heap before
{Heap before GC invocations=1 (full 0):
 PSYoungGen      total 28160K, used 24576K [0x00000000faa80000, 0x00000000fc980000, 0x0000000100000000)
  eden space 24576K, 100% used [0x00000000faa80000,0x00000000fc280000,0x00000000fc280000)
  from space 3584K, 0% used [0x00000000fc600000,0x00000000fc600000,0x00000000fc980000)
  to   space 3584K, 0% used [0x00000000fc280000,0x00000000fc280000,0x00000000fc600000)
 ParOldGen       total 63488K, used 0K [0x00000000f0000000, 0x00000000f3e00000, 0x00000000faa80000)
  object space 63488K, 0% used [0x00000000f0000000,0x00000000f0000000,0x00000000f3e00000)
 PSPermGen       total 21504K, used 18315K [0x00000000e5a00000, 0x00000000e6f00000, 0x00000000f0000000)
  object space 21504K, 85% used [0x00000000e5a00000,0x00000000e6be2f50,0x00000000e6f00000)
Event: 2.769 GC heap after
Heap after GC invocations=1 (full 0):
 PSYoungGen      total 28160K, used 3552K [0x00000000faa80000, 0x00000000fc980000, 0x0000000100000000)
  eden space 24576K, 0% used [0x00000000faa80000,0x00000000faa80000,0x00000000fc280000)
  from space 3584K, 99% used [0x00000000fc280000,0x00000000fc5f8218,0x00000000fc600000)
  to   space 3584K, 0% used [0x00000000fc600000,0x00000000fc600000,0x00000000fc980000)
 ParOldGen       total 63488K, used 4080K [0x00000000f0000000, 0x00000000f3e00000, 0x00000000faa80000)
  object space 63488K, 6% used [0x00000000f0000000,0x00000000f03fc3d0,0x00000000f3e00000)
 PSPermGen       total 21504K, used 18315K [0x00000000e5a00000, 0x00000000e6f00000, 0x00000000f0000000)
  object space 21504K, 85% used [0x00000000e5a00000,0x00000000e6be2f50,0x00000000e6f00000)
}
Event: 3.537 GC heap before
{Heap before GC invocations=2 (full 0):
 PSYoungGen      total 28160K, used 28128K [0x00000000faa80000, 0x00000000fc980000, 0x0000000100000000)
  eden space 24576K, 100% used [0x00000000faa80000,0x00000000fc280000,0x00000000fc280000)
  from space 3584K, 99% used [0x00000000fc280000,0x00000000fc5f8218,0x00000000fc600000)
  to   space 3584K, 0% used [0x00000000fc600000,0x00000000fc600000,0x00000000fc980000)
 ParOldGen       total 63488K, used 4080K [0x00000000f0000000, 0x00000000f3e00000, 0x00000000faa80000)
  object space 63488K, 6% used [0x00000000f0000000,0x00000000f03fc3d0,0x00000000f3e00000)
 PSPermGen       total 21504K, used 20762K [0x00000000e5a00000, 0x00000000e6f00000, 0x00000000f0000000)
  object space 21504K, 96% used [0x00000000e5a00000,0x00000000e6e46900,0x00000000e6f00000)
Event: 3.553 GC heap after
Heap after GC invocations=2 (full 0):
 PSYoungGen      total 28160K, used 3562K [0x00000000faa80000, 0x00000000fe180000, 0x0000000100000000)
  eden space 24576K, 0% used [0x00000000faa80000,0x00000000faa80000,0x00000000fc280000)
  from space 3584K, 99% used [0x00000000fc600000,0x00000000fc97ab70,0x00000000fc980000)
  to   space 3584K, 0% used [0x00000000fc280000,0x00000000fc280000,0x00000000fc600000)
 ParOldGen       total 63488K, used 9729K [0x00000000f0000000, 0x00000000f3e00000, 0x00000000faa80000)
  object space 63488K, 15% used [0x00000000f0000000,0x00000000f0980640,0x00000000f3e00000)
 PSPermGen       total 21504K, used 20762K [0x00000000e5a00000, 0x00000000e6f00000, 0x00000000f0000000)
  object space 21504K, 96% used [0x00000000e5a00000,0x00000000e6e46900,0x00000000e6f00000)
}
Event: 3.719 GC heap before
{Heap before GC invocations=3 (full 0):
 PSYoungGen      total 28160K, used 28138K [0x00000000faa80000, 0x00000000fe180000, 0x0000000100000000)
  eden space 24576K, 100% used [0x00000000faa80000,0x00000000fc280000,0x00000000fc280000)
  from space 3584K, 99% used [0x00000000fc600000,0x00000000fc97ab70,0x00000000fc980000)
  to   space 3584K, 0% used [0x00000000fc280000,0x00000000fc280000,0x00000000fc600000)
 ParOldGen       total 63488K, used 9729K [0x00000000f0000000, 0x00000000f3e00000, 0x00000000faa80000)
  object space 63488K, 15% used [0x00000000f0000000,0x00000000f0980640,0x00000000f3e00000)
 PSPermGen       total 21504K, used 21418K [0x00000000e5a00000, 0x00000000e6f00000, 0x00000000f0000000)
  object space 21504K, 99% used [0x00000000e5a00000,0x00000000e6eea9e0,0x00000000e6f00000)
Event: 3.753 GC heap after
Heap after GC invocations=3 (full 0):
 PSYoungGen      total 28160K, used 3568K [0x00000000faa80000, 0x00000000fe180000, 0x0000000100000000)
  eden space 24576K, 0% used [0x00000000faa80000,0x00000000faa80000,0x00000000fc280000)
  from space 3584K, 99% used [0x00000000fc280000,0x00000000fc5fc120,0x00000000fc600000)
  to   space 3584K, 0% used [0x00000000fde00000,0x00000000fde00000,0x00000000fe180000)
 ParOldGen       total 63488K, used 54544K [0x00000000f0000000, 0x00000000f3e00000, 0x00000000faa80000)
  object space 63488K, 85% used [0x00000000f0000000,0x00000000f3544398,0x00000000f3e00000)
 PSPermGen       total 21504K, used 21418K [0x00000000e5a00000, 0x00000000e6f00000, 0x00000000f0000000)
  object space 21504K, 99% used [0x00000000e5a00000,0x00000000e6eea9e0,0x00000000e6f00000)
}
Event: 3.753 GC heap before
{Heap before GC invocations=4 (full 1):
 PSYoungGen      total 28160K, used 3568K [0x00000000faa80000, 0x00000000fe180000, 0x0000000100000000)
  eden space 24576K, 0% used [0x00000000faa80000,0x00000000faa80000,0x00000000fc280000)
  from space 3584K, 99% used [0x00000000fc280000,0x00000000fc5fc120,0x00000000fc600000)
  to   space 3584K, 0% used [0x00000000fde00000,0x00000000fde00000,0x00000000fe180000)
 ParOldGen       total 63488K, used 54544K [0x00000000f0000000, 0x00000000f3e00000, 0x00000000faa80000)
  object space 63488K, 85% used [0x00000000f0000000,0x00000000f3544398,0x00000000f3e00000)
 PSPermGen       total 21504K, used 21418K [0x00000000e5a00000, 0x00000000e6f00000, 0x00000000f0000000)
  object space 21504K, 99% used [0x00000000e5a00000,0x00000000e6eea9e0,0x00000000e6f00000)
Event: 3.839 GC heap after
Heap after GC invocations=4 (full 1):
 PSYoungGen      total 28160K, used 0K [0x00000000faa80000, 0x00000000fe180000, 0x0000000100000000)
  eden space 24576K, 0% used [0x00000000faa80000,0x00000000faa80000,0x00000000fc280000)
  from space 3584K, 0% used [0x00000000fc280000,0x00000000fc280000,0x00000000fc600000)
  to   space 3584K, 0% used [0x00000000fde00000,0x00000000fde00000,0x00000000fe180000)
 ParOldGen       total 105984K, used 28941K [0x00000000f0000000, 0x00000000f6780000, 0x00000000faa80000)
  object space 105984K, 27% used [0x00000000f0000000,0x00000000f1c435b0,0x00000000f6780000)
 PSPermGen       total 43008K, used 21412K [0x00000000e5a00000, 0x00000000e8400000, 0x00000000f0000000)
  object space 43008K, 49% used [0x00000000e5a00000,0x00000000e6ee92a0,0x00000000e8400000)
}

