# JRE version: OpenJDK Runtime Environment (7.0_65-b32) (build 1.7.0_65-b32)
# Java VM: OpenJDK 64-Bit Server VM (24.65-b04 mixed mode linux-amd64 compressed oops)
Heap
 PSYoungGen      total 52736K, used 881K [0x00000000faa80000, 0x00000000fe180000, 0x0000000100000000)
  eden space 49152K, 1% used [0x00000000faa80000,0x00000000fab5c730,0x00000000fda80000)
  from space 3584K, 0% used [0x00000000fde00000,0x00000000fde00000,0x00000000fe180000)
  to   space 3584K, 0% used [0x00000000fda80000,0x00000000fda80000,0x00000000fde00000)
 ParOldGen       total 91136K, used 33773K [0x00000000f0000000, 0x00000000f5900000, 0x00000000faa80000)
  object space 91136K, 37% used [0x00000000f0000000,0x00000000f20fb5a8,0x00000000f5900000)
 PSPermGen       total 45568K, used 22607K [0x00000000e5a00000, 0x00000000e8680000, 0x00000000f0000000)
  object space 45568K, 49% used [0x00000000e5a00000,0x00000000e7013c10,0x00000000e8680000)
GC Heap History (10 events):
Event: 3.200 GC heap before
{Heap before GC invocations=1 (full 0):
 PSYoungGen      total 28160K, used 24576K [0x00000000faa80000, 0x00000000fc980000, 0x0000000100000000)
  eden space 24576K, 100% used [0x00000000faa80000,0x00000000fc280000,0x00000000fc280000)
  from space 3584K, 0% used [0x00000000fc600000,0x00000000fc600000,0x00000000fc980000)
  to   space 3584K, 0% used [0x00000000fc280000,0x00000000fc280000,0x00000000fc600000)
 ParOldGen       total 63488K, used 0K [0x00000000f0000000, 0x00000000f3e00000, 0x00000000faa80000)
  object space 63488K, 0% used [0x00000000f0000000,0x00000000f0000000,0x00000000f3e00000)
 PSPermGen       total 21504K, used 18229K [0x00000000e5a00000, 0x00000000e6f00000, 0x00000000f0000000)
  object space 21504K, 84% used [0x00000000e5a00000,0x00000000e6bcd478,0x00000000e6f00000)
Event: 3.211 GC heap after
Heap after GC invocations=1 (full 0):
 PSYoungGen      total 28160K, used 3555K [0x00000000faa80000, 0x00000000fc980000, 0x0000000100000000)
  eden space 24576K, 0% used [0x00000000faa80000,0x00000000faa80000,0x00000000fc280000)
  from space 3584K, 99% used [0x00000000fc280000,0x00000000fc5f8e00,0x00000000fc600000)
  to   space 3584K, 0% used [0x00000000fc600000,0x00000000fc600000,0x00000000fc980000)
 ParOldGen       total 63488K, used 4221K [0x00000000f0000000, 0x00000000f3e00000, 0x00000000faa80000)
  object space 63488K, 6% used [0x00000000f0000000,0x00000000f041f600,0x00000000f3e00000)
 PSPermGen       total 21504K, used 18229K [0x00000000e5a00000, 0x00000000e6f00000, 0x00000000f0000000)
  object space 21504K, 84% used [0x00000000e5a00000,0x00000000e6bcd478,0x00000000e6f00000)
}
Event: 3.757 GC heap before
{Heap before GC invocations=2 (full 0):
 PSYoungGen      total 28160K, used 28131K [0x00000000faa80000, 0x00000000fc980000, 0x0000000100000000)
  eden space 24576K, 100% used [0x00000000faa80000,0x00000000fc280000,0x00000000fc280000)
  from space 3584K, 99% used [0x00000000fc280000,0x00000000fc5f8e00,0x00000000fc600000)
  to   space 3584K, 0% used [0x00000000fc600000,0x00000000fc600000,0x00000000fc980000)
 ParOldGen       total 63488K, used 4221K [0x00000000f0000000, 0x00000000f3e00000, 0x00000000faa80000)
  object space 63488K, 6% used [0x00000000f0000000,0x00000000f041f600,0x00000000f3e00000)
 PSPermGen       total 21504K, used 20780K [0x00000000e5a00000, 0x00000000e6f00000, 0x00000000f0000000)
  object space 21504K, 96% used [0x00000000e5a00000,0x00000000e6e4b240,0x00000000e6f00000)
Event: 3.776 GC heap after
Heap after GC invocations=2 (full 0):
 PSYoungGen      total 28160K, used 3579K [0x00000000faa80000, 0x00000000fe180000, 0x0000000100000000)
  eden space 24576K, 0% used [0x00000000faa80000,0x00000000faa80000,0x00000000fc280000)
  from space 3584K, 99% used [0x00000000fc600000,0x00000000fc97edf8,0x00000000fc980000)
  to   space 3584K, 0% used [0x00000000fc280000,0x00000000fc280000,0x00000000fc600000)
 ParOldGen       total 63488K, used 11041K [0x00000000f0000000, 0x00000000f3e00000, 0x00000000faa80000)
  object space 63488K, 17% used [0x00000000f0000000,0x00000000f0ac8688,0x00000000f3e00000)
 PSPermGen       total 21504K, used 20780K [0x00000000e5a00000, 0x00000000e6f00000, 0x00000000f0000000)
  object space 21504K, 96% used [0x00000000e5a00000,0x00000000e6e4b240,0x00000000e6f00000)
}
Event: 4.614 GC heap before
{Heap before GC invocations=3 (full 0):
 PSYoungGen      total 28160K, used 27962K [0x00000000faa80000, 0x00000000fe180000, 0x0000000100000000)
  eden space 24576K, 99% used [0x00000000faa80000,0x00000000fc24fb58,0x00000000fc280000)
  from space 3584K, 99% used [0x00000000fc600000,0x00000000fc97edf8,0x00000000fc980000)
  to   space 3584K, 0% used [0x00000000fc280000,0x00000000fc280000,0x00000000fc600000)
 ParOldGen       total 63488K, used 25441K [0x00000000f0000000, 0x00000000f3e00000, 0x00000000faa80000)
  object space 63488K, 40% used [0x00000000f0000000,0x00000000f18d8698,0x00000000f3e00000)
 PSPermGen       total 22528K, used 22051K [0x00000000e5a00000, 0x00000000e7000000, 0x00000000f0000000)
  object space 22528K, 97% used [0x00000000e5a00000,0x00000000e6f88d38,0x00000000e7000000)
Event: 4.640 GC heap after
Heap after GC invocations=3 (full 0):
 PSYoungGen      total 28160K, used 3554K [0x00000000faa80000, 0x00000000fe180000, 0x0000000100000000)
  eden space 24576K, 0% used [0x00000000faa80000,0x00000000faa80000,0x00000000fc280000)
  from space 3584K, 99% used [0x00000000fc280000,0x00000000fc5f8a10,0x00000000fc600000)
  to   space 3584K, 0% used [0x00000000fde00000,0x00000000fde00000,0x00000000fe180000)
 ParOldGen       total 63488K, used 27950K [0x00000000f0000000, 0x00000000f3e00000, 0x00000000faa80000)
  object space 63488K, 44% used [0x00000000f0000000,0x00000000f1b4b940,0x00000000f3e00000)
 PSPermGen       total 22528K, used 22051K [0x00000000e5a00000, 0x00000000e7000000, 0x00000000f0000000)
  object space 22528K, 97% used [0x00000000e5a00000,0x00000000e6f88d38,0x00000000e7000000)
}
Event: 4.916 GC heap before
{Heap before GC invocations=4 (full 0):
 PSYoungGen      total 28160K, used 28130K [0x00000000faa80000, 0x00000000fe180000, 0x0000000100000000)
  eden space 24576K, 100% used [0x00000000faa80000,0x00000000fc280000,0x00000000fc280000)
  from space 3584K, 99% used [0x00000000fc280000,0x00000000fc5f8a10,0x00000000fc600000)
  to   space 3584K, 0% used [0x00000000fde00000,0x00000000fde00000,0x00000000fe180000)
 ParOldGen       total 63488K, used 27950K [0x00000000f0000000, 0x00000000f3e00000, 0x00000000faa80000)
  object space 63488K, 44% used [0x00000000f0000000,0x00000000f1b4b940,0x00000000f3e00000)
 PSPermGen       total 23040K, used 22612K [0x00000000e5a00000, 0x00000000e7080000, 0x00000000f0000000)
  object space 23040K, 98% used [0x00000000e5a00000,0x00000000e70153b0,0x00000000e7080000)
Event: 4.930 GC heap after
Heap after GC invocations=4 (full 0):
 PSYoungGen      total 52736K, used 3583K [0x00000000faa80000, 0x00000000fe180000, 0x0000000100000000)
  eden space 49152K, 0% used [0x00000000faa80000,0x00000000faa80000,0x00000000fda80000)
  from space 3584K, 99% used [0x00000000fde00000,0x00000000fe17fed8,0x00000000fe180000)
  to   space 3584K, 0% used [0x00000000fda80000,0x00000000fda80000,0x00000000fde00000)
 ParOldGen       total 63488K, used 49757K [0x00000000f0000000, 0x00000000f3e00000, 0x00000000faa80000)
  object space 63488K, 78% used [0x00000000f0000000,0x00000000f30975a0,0x00000000f3e00000)
 PSPermGen       total 23040K, used 22612K [0x00000000e5a00000, 0x00000000e7080000, 0x00000000f0000000)
  object space 23040K, 98% used [0x00000000e5a00000,0x00000000e70153b0,0x00000000e7080000)
}
Event: 4.930 GC heap before
{Heap before GC invocations=5 (full 1):
 PSYoungGen      total 52736K, used 3583K [0x00000000faa80000, 0x00000000fe180000, 0x0000000100000000)
  eden space 49152K, 0% used [0x00000000faa80000,0x00000000faa80000,0x00000000fda80000)
  from space 3584K, 99% used [0x00000000fde00000,0x00000000fe17fed8,0x00000000fe180000)
  to   space 3584K, 0% used [0x00000000fda80000,0x00000000fda80000,0x00000000fde00000)
 ParOldGen       total 63488K, used 49757K [0x00000000f0000000, 0x00000000f3e00000, 0x00000000faa80000)
  object space 63488K, 78% used [0x00000000f0000000,0x00000000f30975a0,0x00000000f3e00000)
 PSPermGen       total 23040K, used 22612K [0x00000000e5a00000, 0x00000000e7080000, 0x00000000f0000000)
  object space 23040K, 98% used [0x00000000e5a00000,0x00000000e70153b0,0x00000000e7080000)
Event: 5.036 GC heap after
Heap after GC invocations=5 (full 1):
 PSYoungGen      total 52736K, used 0K [0x00000000faa80000, 0x00000000fe180000, 0x0000000100000000)
  eden space 49152K, 0% used [0x00000000faa80000,0x00000000faa80000,0x00000000fda80000)
  from space 3584K, 0% used [0x00000000fde00000,0x00000000fde00000,0x00000000fe180000)
  to   space 3584K, 0% used [0x00000000fda80000,0x00000000fda80000,0x00000000fde00000)
 ParOldGen       total 91136K, used 33773K [0x00000000f0000000, 0x00000000f5900000, 0x00000000faa80000)
  object space 91136K, 37% used [0x00000000f0000000,0x00000000f20fb5a8,0x00000000f5900000)
 PSPermGen       total 45568K, used 22607K [0x00000000e5a00000, 0x00000000e8680000, 0x00000000f0000000)
  object space 45568K, 49% used [0x00000000e5a00000,0x00000000e7013c10,0x00000000e8680000)
}

