# JRE version: OpenJDK Runtime Environment (7.0_65-b32) (build 1.7.0_65-b32)
# Java VM: OpenJDK 64-Bit Server VM (24.65-b04 mixed mode linux-amd64 compressed oops)
Heap
 PSYoungGen      total 28160K, used 589K [0x00000000faa80000, 0x00000000fe180000, 0x0000000100000000)
  eden space 24576K, 2% used [0x00000000faa80000,0x00000000fab13658,0x00000000fc280000)
  from space 3584K, 0% used [0x00000000fc280000,0x00000000fc280000,0x00000000fc600000)
  to   space 3584K, 0% used [0x00000000fde00000,0x00000000fde00000,0x00000000fe180000)
 ParOldGen       total 102400K, used 23972K [0x00000000f0000000, 0x00000000f6400000, 0x00000000faa80000)
  object space 102400K, 23% used [0x00000000f0000000,0x00000000f1769350,0x00000000f6400000)
 PSPermGen       total 43008K, used 21442K [0x00000000e5a00000, 0x00000000e8400000, 0x00000000f0000000)
  object space 43008K, 49% used [0x00000000e5a00000,0x00000000e6ef0ba8,0x00000000e8400000)
GC Heap History (8 events):
Event: 3.266 GC heap before
{Heap before GC invocations=1 (full 0):
 PSYoungGen      total 28160K, used 24576K [0x00000000faa80000, 0x00000000fc980000, 0x0000000100000000)
  eden space 24576K, 100% used [0x00000000faa80000,0x00000000fc280000,0x00000000fc280000)
  from space 3584K, 0% used [0x00000000fc600000,0x00000000fc600000,0x00000000fc980000)
  to   space 3584K, 0% used [0x00000000fc280000,0x00000000fc280000,0x00000000fc600000)
 ParOldGen       total 63488K, used 0K [0x00000000f0000000, 0x00000000f3e00000, 0x00000000faa80000)
  object space 63488K, 0% used [0x00000000f0000000,0x00000000f0000000,0x00000000f3e00000)
 PSPermGen       total 21504K, used 18318K [0x00000000e5a00000, 0x00000000e6f00000, 0x00000000f0000000)
  object space 21504K, 85% used [0x00000000e5a00000,0x00000000e6be3bb0,0x00000000e6f00000)
Event: 3.286 GC heap after
Heap after GC invocations=1 (full 0):
 PSYoungGen      total 28160K, used 3582K [0x00000000faa80000, 0x00000000fc980000, 0x0000000100000000)
  eden space 24576K, 0% used [0x00000000faa80000,0x00000000faa80000,0x00000000fc280000)
  from space 3584K, 99% used [0x00000000fc280000,0x00000000fc5ffa58,0x00000000fc600000)
  to   space 3584K, 0% used [0x00000000fc600000,0x00000000fc600000,0x00000000fc980000)
 ParOldGen       total 63488K, used 4058K [0x00000000f0000000, 0x00000000f3e00000, 0x00000000faa80000)
  object space 63488K, 6% used [0x00000000f0000000,0x00000000f03f6900,0x00000000f3e00000)
 PSPermGen       total 21504K, used 18318K [0x00000000e5a00000, 0x00000000e6f00000, 0x00000000f0000000)
  object space 21504K, 85% used [0x00000000e5a00000,0x00000000e6be3bb0,0x00000000e6f00000)
}
Event: 4.019 GC heap before
{Heap before GC invocations=2 (full 0):
 PSYoungGen      total 28160K, used 28158K [0x00000000faa80000, 0x00000000fc980000, 0x0000000100000000)
  eden space 24576K, 100% used [0x00000000faa80000,0x00000000fc280000,0x00000000fc280000)
  from space 3584K, 99% used [0x00000000fc280000,0x00000000fc5ffa58,0x00000000fc600000)
  to   space 3584K, 0% used [0x00000000fc600000,0x00000000fc600000,0x00000000fc980000)
 ParOldGen       total 63488K, used 4058K [0x00000000f0000000, 0x00000000f3e00000, 0x00000000faa80000)
  object space 63488K, 6% used [0x00000000f0000000,0x00000000f03f6900,0x00000000f3e00000)
 PSPermGen       total 21504K, used 20784K [0x00000000e5a00000, 0x00000000e6f00000, 0x00000000f0000000)
  object space 21504K, 96% used [0x00000000e5a00000,0x00000000e6e4c280,0x00000000e6f00000)
Event: 4.032 GC heap after
Heap after GC invocations=2 (full 0):
 PSYoungGen      total 28160K, used 3579K [0x00000000faa80000, 0x00000000fe180000, 0x0000000100000000)
  eden space 24576K, 0% used [0x00000000faa80000,0x00000000faa80000,0x00000000fc280000)
  from space 3584K, 99% used [0x00000000fc600000,0x00000000fc97ee30,0x00000000fc980000)
  to   space 3584K, 0% used [0x00000000fc280000,0x00000000fc280000,0x00000000fc600000)
 ParOldGen       total 63488K, used 9268K [0x00000000f0000000, 0x00000000f3e00000, 0x00000000faa80000)
  object space 63488K, 14% used [0x00000000f0000000,0x00000000f090d038,0x00000000f3e00000)
 PSPermGen       total 21504K, used 20784K [0x00000000e5a00000, 0x00000000e6f00000, 0x00000000f0000000)
  object space 21504K, 96% used [0x00000000e5a00000,0x00000000e6e4c280,0x00000000e6f00000)
}
Event: 4.213 GC heap before
{Heap before GC invocations=3 (full 0):
 PSYoungGen      total 28160K, used 28155K [0x00000000faa80000, 0x00000000fe180000, 0x0000000100000000)
  eden space 24576K, 100% used [0x00000000faa80000,0x00000000fc280000,0x00000000fc280000)
  from space 3584K, 99% used [0x00000000fc600000,0x00000000fc97ee30,0x00000000fc980000)
  to   space 3584K, 0% used [0x00000000fc280000,0x00000000fc280000,0x00000000fc600000)
 ParOldGen       total 63488K, used 9268K [0x00000000f0000000, 0x00000000f3e00000, 0x00000000faa80000)
  object space 63488K, 14% used [0x00000000f0000000,0x00000000f090d038,0x00000000f3e00000)
 PSPermGen       total 21504K, used 21448K [0x00000000e5a00000, 0x00000000e6f00000, 0x00000000f0000000)
  object space 21504K, 99% used [0x00000000e5a00000,0x00000000e6ef22c8,0x00000000e6f00000)
Event: 4.248 GC heap after
Heap after GC invocations=3 (full 0):
 PSYoungGen      total 28160K, used 3569K [0x00000000faa80000, 0x00000000fe180000, 0x0000000100000000)
  eden space 24576K, 0% used [0x00000000faa80000,0x00000000faa80000,0x00000000fc280000)
  from space 3584K, 99% used [0x00000000fc280000,0x00000000fc5fc538,0x00000000fc600000)
  to   space 3584K, 0% used [0x00000000fde00000,0x00000000fde00000,0x00000000fe180000)
 ParOldGen       total 63488K, used 53869K [0x00000000f0000000, 0x00000000f3e00000, 0x00000000faa80000)
  object space 63488K, 84% used [0x00000000f0000000,0x00000000f349b780,0x00000000f3e00000)
 PSPermGen       total 21504K, used 21448K [0x00000000e5a00000, 0x00000000e6f00000, 0x00000000f0000000)
  object space 21504K, 99% used [0x00000000e5a00000,0x00000000e6ef22c8,0x00000000e6f00000)
}
Event: 4.248 GC heap before
{Heap before GC invocations=4 (full 1):
 PSYoungGen      total 28160K, used 3569K [0x00000000faa80000, 0x00000000fe180000, 0x0000000100000000)
  eden space 24576K, 0% used [0x00000000faa80000,0x00000000faa80000,0x00000000fc280000)
  from space 3584K, 99% used [0x00000000fc280000,0x00000000fc5fc538,0x00000000fc600000)
  to   space 3584K, 0% used [0x00000000fde00000,0x00000000fde00000,0x00000000fe180000)
 ParOldGen       total 63488K, used 53869K [0x00000000f0000000, 0x00000000f3e00000, 0x00000000faa80000)
  object space 63488K, 84% used [0x00000000f0000000,0x00000000f349b780,0x00000000f3e00000)
 PSPermGen       total 21504K, used 21448K [0x00000000e5a00000, 0x00000000e6f00000, 0x00000000f0000000)
  object space 21504K, 99% used [0x00000000e5a00000,0x00000000e6ef22c8,0x00000000e6f00000)
Event: 4.393 GC heap after
Heap after GC invocations=4 (full 1):
 PSYoungGen      total 28160K, used 0K [0x00000000faa80000, 0x00000000fe180000, 0x0000000100000000)
  eden space 24576K, 0% used [0x00000000faa80000,0x00000000faa80000,0x00000000fc280000)
  from space 3584K, 0% used [0x00000000fc280000,0x00000000fc280000,0x00000000fc600000)
  to   space 3584K, 0% used [0x00000000fde00000,0x00000000fde00000,0x00000000fe180000)
 ParOldGen       total 102400K, used 23972K [0x00000000f0000000, 0x00000000f6400000, 0x00000000faa80000)
  object space 102400K, 23% used [0x00000000f0000000,0x00000000f1769350,0x00000000f6400000)
 PSPermGen       total 43008K, used 21442K [0x00000000e5a00000, 0x00000000e8400000, 0x00000000f0000000)
  object space 43008K, 49% used [0x00000000e5a00000,0x00000000e6ef0ba8,0x00000000e8400000)
}

