# JRE version: OpenJDK Runtime Environment (7.0_65-b32) (build 1.7.0_65-b32)
# Java VM: OpenJDK 64-Bit Server VM (24.65-b04 mixed mode linux-amd64 compressed oops)
Heap
 PSYoungGen      total 28160K, used 720K [0x00000000faa80000, 0x00000000fe180000, 0x0000000100000000)
  eden space 24576K, 2% used [0x00000000faa80000,0x00000000fab343f0,0x00000000fc280000)
  from space 3584K, 0% used [0x00000000fc280000,0x00000000fc280000,0x00000000fc600000)
  to   space 3584K, 0% used [0x00000000fde00000,0x00000000fde00000,0x00000000fe180000)
 ParOldGen       total 101376K, used 24336K [0x00000000f0000000, 0x00000000f6300000, 0x00000000faa80000)
  object space 101376K, 24% used [0x00000000f0000000,0x00000000f17c4340,0x00000000f6300000)
 PSPermGen       total 42496K, used 21266K [0x00000000e5a00000, 0x00000000e8380000, 0x00000000f0000000)
  object space 42496K, 50% used [0x00000000e5a00000,0x00000000e6ec4f38,0x00000000e8380000)
GC Heap History (8 events):
Event: 3.922 GC heap before
{Heap before GC invocations=1 (full 0):
 PSYoungGen      total 28160K, used 24568K [0x00000000faa80000, 0x00000000fc980000, 0x0000000100000000)
  eden space 24576K, 99% used [0x00000000faa80000,0x00000000fc27e2d0,0x00000000fc280000)
  from space 3584K, 0% used [0x00000000fc600000,0x00000000fc600000,0x00000000fc980000)
  to   space 3584K, 0% used [0x00000000fc280000,0x00000000fc280000,0x00000000fc600000)
 ParOldGen       total 63488K, used 0K [0x00000000f0000000, 0x00000000f3e00000, 0x00000000faa80000)
  object space 63488K, 0% used [0x00000000f0000000,0x00000000f0000000,0x00000000f3e00000)
 PSPermGen       total 21504K, used 18344K [0x00000000e5a00000, 0x00000000e6f00000, 0x00000000f0000000)
  object space 21504K, 85% used [0x00000000e5a00000,0x00000000e6bea1f0,0x00000000e6f00000)
Event: 3.935 GC heap after
Heap after GC invocations=1 (full 0):
 PSYoungGen      total 28160K, used 3552K [0x00000000faa80000, 0x00000000fc980000, 0x0000000100000000)
  eden space 24576K, 0% used [0x00000000faa80000,0x00000000faa80000,0x00000000fc280000)
  from space 3584K, 99% used [0x00000000fc280000,0x00000000fc5f82b0,0x00000000fc600000)
  to   space 3584K, 0% used [0x00000000fc600000,0x00000000fc600000,0x00000000fc980000)
 ParOldGen       total 63488K, used 4049K [0x00000000f0000000, 0x00000000f3e00000, 0x00000000faa80000)
  object space 63488K, 6% used [0x00000000f0000000,0x00000000f03f44a0,0x00000000f3e00000)
 PSPermGen       total 21504K, used 18344K [0x00000000e5a00000, 0x00000000e6f00000, 0x00000000f0000000)
  object space 21504K, 85% used [0x00000000e5a00000,0x00000000e6bea1f0,0x00000000e6f00000)
}
Event: 4.628 GC heap before
{Heap before GC invocations=2 (full 0):
 PSYoungGen      total 28160K, used 28128K [0x00000000faa80000, 0x00000000fc980000, 0x0000000100000000)
  eden space 24576K, 100% used [0x00000000faa80000,0x00000000fc280000,0x00000000fc280000)
  from space 3584K, 99% used [0x00000000fc280000,0x00000000fc5f82b0,0x00000000fc600000)
  to   space 3584K, 0% used [0x00000000fc600000,0x00000000fc600000,0x00000000fc980000)
 ParOldGen       total 63488K, used 4049K [0x00000000f0000000, 0x00000000f3e00000, 0x00000000faa80000)
  object space 63488K, 6% used [0x00000000f0000000,0x00000000f03f44a0,0x00000000f3e00000)
 PSPermGen       total 21504K, used 20812K [0x00000000e5a00000, 0x00000000e6f00000, 0x00000000f0000000)
  object space 21504K, 96% used [0x00000000e5a00000,0x00000000e6e53148,0x00000000e6f00000)
Event: 4.644 GC heap after
Heap after GC invocations=2 (full 0):
 PSYoungGen      total 28160K, used 3578K [0x00000000faa80000, 0x00000000fe180000, 0x0000000100000000)
  eden space 24576K, 0% used [0x00000000faa80000,0x00000000faa80000,0x00000000fc280000)
  from space 3584K, 99% used [0x00000000fc600000,0x00000000fc97e8e0,0x00000000fc980000)
  to   space 3584K, 0% used [0x00000000fc280000,0x00000000fc280000,0x00000000fc600000)
 ParOldGen       total 63488K, used 10421K [0x00000000f0000000, 0x00000000f3e00000, 0x00000000faa80000)
  object space 63488K, 16% used [0x00000000f0000000,0x00000000f0a2d5f0,0x00000000f3e00000)
 PSPermGen       total 21504K, used 20812K [0x00000000e5a00000, 0x00000000e6f00000, 0x00000000f0000000)
  object space 21504K, 96% used [0x00000000e5a00000,0x00000000e6e53148,0x00000000e6f00000)
}
Event: 4.838 GC heap before
{Heap before GC invocations=3 (full 0):
 PSYoungGen      total 28160K, used 28154K [0x00000000faa80000, 0x00000000fe180000, 0x0000000100000000)
  eden space 24576K, 100% used [0x00000000faa80000,0x00000000fc280000,0x00000000fc280000)
  from space 3584K, 99% used [0x00000000fc600000,0x00000000fc97e8e0,0x00000000fc980000)
  to   space 3584K, 0% used [0x00000000fc280000,0x00000000fc280000,0x00000000fc600000)
 ParOldGen       total 63488K, used 10421K [0x00000000f0000000, 0x00000000f3e00000, 0x00000000faa80000)
  object space 63488K, 16% used [0x00000000f0000000,0x00000000f0a2d5f0,0x00000000f3e00000)
 PSPermGen       total 21504K, used 21227K [0x00000000e5a00000, 0x00000000e6f00000, 0x00000000f0000000)
  object space 21504K, 98% used [0x00000000e5a00000,0x00000000e6ebad10,0x00000000e6f00000)
Event: 4.871 GC heap after
Heap after GC invocations=3 (full 0):
 PSYoungGen      total 28160K, used 3572K [0x00000000faa80000, 0x00000000fe180000, 0x0000000100000000)
  eden space 24576K, 0% used [0x00000000faa80000,0x00000000faa80000,0x00000000fc280000)
  from space 3584K, 99% used [0x00000000fc280000,0x00000000fc5fd228,0x00000000fc600000)
  to   space 3584K, 0% used [0x00000000fde00000,0x00000000fde00000,0x00000000fe180000)
 ParOldGen       total 63488K, used 55003K [0x00000000f0000000, 0x00000000f3e00000, 0x00000000faa80000)
  object space 63488K, 86% used [0x00000000f0000000,0x00000000f35b6d60,0x00000000f3e00000)
 PSPermGen       total 21504K, used 21227K [0x00000000e5a00000, 0x00000000e6f00000, 0x00000000f0000000)
  object space 21504K, 98% used [0x00000000e5a00000,0x00000000e6ebad10,0x00000000e6f00000)
}
Event: 4.871 GC heap before
{Heap before GC invocations=4 (full 1):
 PSYoungGen      total 28160K, used 3572K [0x00000000faa80000, 0x00000000fe180000, 0x0000000100000000)
  eden space 24576K, 0% used [0x00000000faa80000,0x00000000faa80000,0x00000000fc280000)
  from space 3584K, 99% used [0x00000000fc280000,0x00000000fc5fd228,0x00000000fc600000)
  to   space 3584K, 0% used [0x00000000fde00000,0x00000000fde00000,0x00000000fe180000)
 ParOldGen       total 63488K, used 55003K [0x00000000f0000000, 0x00000000f3e00000, 0x00000000faa80000)
  object space 63488K, 86% used [0x00000000f0000000,0x00000000f35b6d60,0x00000000f3e00000)
 PSPermGen       total 21504K, used 21227K [0x00000000e5a00000, 0x00000000e6f00000, 0x00000000f0000000)
  object space 21504K, 98% used [0x00000000e5a00000,0x00000000e6ebad10,0x00000000e6f00000)
Event: 4.970 GC heap after
Heap after GC invocations=4 (full 1):
 PSYoungGen      total 28160K, used 0K [0x00000000faa80000, 0x00000000fe180000, 0x0000000100000000)
  eden space 24576K, 0% used [0x00000000faa80000,0x00000000faa80000,0x00000000fc280000)
  from space 3584K, 0% used [0x00000000fc280000,0x00000000fc280000,0x00000000fc600000)
  to   space 3584K, 0% used [0x00000000fde00000,0x00000000fde00000,0x00000000fe180000)
 ParOldGen       total 101376K, used 24336K [0x00000000f0000000, 0x00000000f6300000, 0x00000000faa80000)
  object space 101376K, 24% used [0x00000000f0000000,0x00000000f17c4340,0x00000000f6300000)
 PSPermGen       total 42496K, used 21221K [0x00000000e5a00000, 0x00000000e8380000, 0x00000000f0000000)
  object space 42496K, 49% used [0x00000000e5a00000,0x00000000e6eb95e0,0x00000000e8380000)
}

