# JRE version: OpenJDK Runtime Environment (7.0_65-b32) (build 1.7.0_65-b32)
# Java VM: OpenJDK 64-Bit Server VM (24.65-b04 mixed mode linux-amd64 compressed oops)
Heap
 PSYoungGen      total 52736K, used 1225K [0x00000000faa80000, 0x00000000fe180000, 0x0000000100000000)
  eden space 49152K, 2% used [0x00000000faa80000,0x00000000fabb2568,0x00000000fda80000)
  from space 3584K, 0% used [0x00000000fde00000,0x00000000fde00000,0x00000000fe180000)
  to   space 3584K, 0% used [0x00000000fda80000,0x00000000fda80000,0x00000000fde00000)
 ParOldGen       total 81408K, used 23447K [0x00000000f0000000, 0x00000000f4f80000, 0x00000000faa80000)
  object space 81408K, 28% used [0x00000000f0000000,0x00000000f16e5cf8,0x00000000f4f80000)
 PSPermGen       total 45056K, used 22388K [0x00000000e5a00000, 0x00000000e8600000, 0x00000000f0000000)
  object space 45056K, 49% used [0x00000000e5a00000,0x00000000e6fdd1c0,0x00000000e8600000)
GC Heap History (10 events):
Event: 3.117 GC heap before
{Heap before GC invocations=1 (full 0):
 PSYoungGen      total 28160K, used 24576K [0x00000000faa80000, 0x00000000fc980000, 0x0000000100000000)
  eden space 24576K, 100% used [0x00000000faa80000,0x00000000fc280000,0x00000000fc280000)
  from space 3584K, 0% used [0x00000000fc600000,0x00000000fc600000,0x00000000fc980000)
  to   space 3584K, 0% used [0x00000000fc280000,0x00000000fc280000,0x00000000fc600000)
 ParOldGen       total 63488K, used 0K [0x00000000f0000000, 0x00000000f3e00000, 0x00000000faa80000)
  object space 63488K, 0% used [0x00000000f0000000,0x00000000f0000000,0x00000000f3e00000)
 PSPermGen       total 21504K, used 18318K [0x00000000e5a00000, 0x00000000e6f00000, 0x00000000f0000000)
  object space 21504K, 85% used [0x00000000e5a00000,0x00000000e6be3a80,0x00000000e6f00000)
Event: 3.134 GC heap after
Heap after GC invocations=1 (full 0):
 PSYoungGen      total 28160K, used 3564K [0x00000000faa80000, 0x00000000fc980000, 0x0000000100000000)
  eden space 24576K, 0% used [0x00000000faa80000,0x00000000faa80000,0x00000000fc280000)
  from space 3584K, 99% used [0x00000000fc280000,0x00000000fc5fb310,0x00000000fc600000)
  to   space 3584K, 0% used [0x00000000fc600000,0x00000000fc600000,0x00000000fc980000)
 ParOldGen       total 63488K, used 2424K [0x00000000f0000000, 0x00000000f3e00000, 0x00000000faa80000)
  object space 63488K, 3% used [0x00000000f0000000,0x00000000f025e368,0x00000000f3e00000)
 PSPermGen       total 21504K, used 18318K [0x00000000e5a00000, 0x00000000e6f00000, 0x00000000f0000000)
  object space 21504K, 85% used [0x00000000e5a00000,0x00000000e6be3a80,0x00000000e6f00000)
}
Event: 3.698 GC heap before
{Heap before GC invocations=2 (full 0):
 PSYoungGen      total 28160K, used 28140K [0x00000000faa80000, 0x00000000fc980000, 0x0000000100000000)
  eden space 24576K, 100% used [0x00000000faa80000,0x00000000fc280000,0x00000000fc280000)
  from space 3584K, 99% used [0x00000000fc280000,0x00000000fc5fb310,0x00000000fc600000)
  to   space 3584K, 0% used [0x00000000fc600000,0x00000000fc600000,0x00000000fc980000)
 ParOldGen       total 63488K, used 2424K [0x00000000f0000000, 0x00000000f3e00000, 0x00000000faa80000)
  object space 63488K, 3% used [0x00000000f0000000,0x00000000f025e368,0x00000000f3e00000)
 PSPermGen       total 21504K, used 20778K [0x00000000e5a00000, 0x00000000e6f00000, 0x00000000f0000000)
  object space 21504K, 96% used [0x00000000e5a00000,0x00000000e6e4aac0,0x00000000e6f00000)
Event: 3.719 GC heap after
Heap after GC invocations=2 (full 0):
 PSYoungGen      total 28160K, used 3553K [0x00000000faa80000, 0x00000000fe180000, 0x0000000100000000)
  eden space 24576K, 0% used [0x00000000faa80000,0x00000000faa80000,0x00000000fc280000)
  from space 3584K, 99% used [0x00000000fc600000,0x00000000fc9784d0,0x00000000fc980000)
  to   space 3584K, 0% used [0x00000000fc280000,0x00000000fc280000,0x00000000fc600000)
 ParOldGen       total 63488K, used 8964K [0x00000000f0000000, 0x00000000f3e00000, 0x00000000faa80000)
  object space 63488K, 14% used [0x00000000f0000000,0x00000000f08c10d8,0x00000000f3e00000)
 PSPermGen       total 21504K, used 20778K [0x00000000e5a00000, 0x00000000e6f00000, 0x00000000f0000000)
  object space 21504K, 96% used [0x00000000e5a00000,0x00000000e6e4aac0,0x00000000e6f00000)
}
Event: 4.093 GC heap before
{Heap before GC invocations=3 (full 0):
 PSYoungGen      total 28160K, used 28129K [0x00000000faa80000, 0x00000000fe180000, 0x0000000100000000)
  eden space 24576K, 100% used [0x00000000faa80000,0x00000000fc280000,0x00000000fc280000)
  from space 3584K, 99% used [0x00000000fc600000,0x00000000fc9784d0,0x00000000fc980000)
  to   space 3584K, 0% used [0x00000000fc280000,0x00000000fc280000,0x00000000fc600000)
 ParOldGen       total 63488K, used 8964K [0x00000000f0000000, 0x00000000f3e00000, 0x00000000faa80000)
  object space 63488K, 14% used [0x00000000f0000000,0x00000000f08c10d8,0x00000000f3e00000)
 PSPermGen       total 22016K, used 21782K [0x00000000e5a00000, 0x00000000e6f80000, 0x00000000f0000000)
  object space 22016K, 98% used [0x00000000e5a00000,0x00000000e6f45958,0x00000000e6f80000)
Event: 4.131 GC heap after
Heap after GC invocations=3 (full 0):
 PSYoungGen      total 28160K, used 3574K [0x00000000faa80000, 0x00000000fe180000, 0x0000000100000000)
  eden space 24576K, 0% used [0x00000000faa80000,0x00000000faa80000,0x00000000fc280000)
  from space 3584K, 99% used [0x00000000fc280000,0x00000000fc5fdbe0,0x00000000fc600000)
  to   space 3584K, 0% used [0x00000000fde00000,0x00000000fde00000,0x00000000fe180000)
 ParOldGen       total 63488K, used 30901K [0x00000000f0000000, 0x00000000f3e00000, 0x00000000faa80000)
  object space 63488K, 48% used [0x00000000f0000000,0x00000000f1e2d6f8,0x00000000f3e00000)
 PSPermGen       total 22016K, used 21782K [0x00000000e5a00000, 0x00000000e6f80000, 0x00000000f0000000)
  object space 22016K, 98% used [0x00000000e5a00000,0x00000000e6f45958,0x00000000e6f80000)
}
Event: 4.526 GC heap before
{Heap before GC invocations=4 (full 0):
 PSYoungGen      total 28160K, used 28150K [0x00000000faa80000, 0x00000000fe180000, 0x0000000100000000)
  eden space 24576K, 100% used [0x00000000faa80000,0x00000000fc280000,0x00000000fc280000)
  from space 3584K, 99% used [0x00000000fc280000,0x00000000fc5fdbe0,0x00000000fc600000)
  to   space 3584K, 0% used [0x00000000fde00000,0x00000000fde00000,0x00000000fe180000)
 ParOldGen       total 63488K, used 30901K [0x00000000f0000000, 0x00000000f3e00000, 0x00000000faa80000)
  object space 63488K, 48% used [0x00000000f0000000,0x00000000f1e2d6f8,0x00000000f3e00000)
 PSPermGen       total 22528K, used 22386K [0x00000000e5a00000, 0x00000000e7000000, 0x00000000f0000000)
  object space 22528K, 99% used [0x00000000e5a00000,0x00000000e6fdc9f0,0x00000000e7000000)
Event: 4.539 GC heap after
Heap after GC invocations=4 (full 0):
 PSYoungGen      total 52736K, used 3565K [0x00000000faa80000, 0x00000000fe180000, 0x0000000100000000)
  eden space 49152K, 0% used [0x00000000faa80000,0x00000000faa80000,0x00000000fda80000)
  from space 3584K, 99% used [0x00000000fde00000,0x00000000fe17b7c0,0x00000000fe180000)
  to   space 3584K, 0% used [0x00000000fda80000,0x00000000fda80000,0x00000000fde00000)
 ParOldGen       total 63488K, used 45118K [0x00000000f0000000, 0x00000000f3e00000, 0x00000000faa80000)
  object space 63488K, 71% used [0x00000000f0000000,0x00000000f2c0f900,0x00000000f3e00000)
 PSPermGen       total 22528K, used 22386K [0x00000000e5a00000, 0x00000000e7000000, 0x00000000f0000000)
  object space 22528K, 99% used [0x00000000e5a00000,0x00000000e6fdc9f0,0x00000000e7000000)
}
Event: 4.539 GC heap before
{Heap before GC invocations=5 (full 1):
 PSYoungGen      total 52736K, used 3565K [0x00000000faa80000, 0x00000000fe180000, 0x0000000100000000)
  eden space 49152K, 0% used [0x00000000faa80000,0x00000000faa80000,0x00000000fda80000)
  from space 3584K, 99% used [0x00000000fde00000,0x00000000fe17b7c0,0x00000000fe180000)
  to   space 3584K, 0% used [0x00000000fda80000,0x00000000fda80000,0x00000000fde00000)
 ParOldGen       total 63488K, used 45118K [0x00000000f0000000, 0x00000000f3e00000, 0x00000000faa80000)
  object space 63488K, 71% used [0x00000000f0000000,0x00000000f2c0f900,0x00000000f3e00000)
 PSPermGen       total 22528K, used 22386K [0x00000000e5a00000, 0x00000000e7000000, 0x00000000f0000000)
  object space 22528K, 99% used [0x00000000e5a00000,0x00000000e6fdc9f0,0x00000000e7000000)
Event: 4.645 GC heap after
Heap after GC invocations=5 (full 1):
 PSYoungGen      total 52736K, used 0K [0x00000000faa80000, 0x00000000fe180000, 0x0000000100000000)
  eden space 49152K, 0% used [0x00000000faa80000,0x00000000faa80000,0x00000000fda80000)
  from space 3584K, 0% used [0x00000000fde00000,0x00000000fde00000,0x00000000fe180000)
  to   space 3584K, 0% used [0x00000000fda80000,0x00000000fda80000,0x00000000fde00000)
 ParOldGen       total 81408K, used 23447K [0x00000000f0000000, 0x00000000f4f80000, 0x00000000faa80000)
  object space 81408K, 28% used [0x00000000f0000000,0x00000000f16e5cf8,0x00000000f4f80000)
 PSPermGen       total 45056K, used 22380K [0x00000000e5a00000, 0x00000000e8600000, 0x00000000f0000000)
  object space 45056K, 49% used [0x00000000e5a00000,0x00000000e6fdb290,0x00000000e8600000)
}

