# JRE version: OpenJDK Runtime Environment (7.0_65-b32) (build 1.7.0_65-b32)
# Java VM: OpenJDK 64-Bit Server VM (24.65-b04 mixed mode linux-amd64 compressed oops)
Heap
 PSYoungGen      total 28160K, used 322K [0x00000000faa80000, 0x00000000fe180000, 0x0000000100000000)
  eden space 24576K, 1% used [0x00000000faa80000,0x00000000faad0b78,0x00000000fc280000)
  from space 3584K, 0% used [0x00000000fc280000,0x00000000fc280000,0x00000000fc600000)
  to   space 3584K, 0% used [0x00000000fde00000,0x00000000fde00000,0x00000000fe180000)
 ParOldGen       total 89088K, used 20748K [0x00000000f0000000, 0x00000000f5700000, 0x00000000faa80000)
  object space 89088K, 23% used [0x00000000f0000000,0x00000000f1443298,0x00000000f5700000)
 PSPermGen       total 43520K, used 21524K [0x00000000e5a00000, 0x00000000e8480000, 0x00000000f0000000)
  object space 43520K, 49% used [0x00000000e5a00000,0x00000000e6f05328,0x00000000e8480000)
GC Heap History (8 events):
Event: 4.577 GC heap before
{Heap before GC invocations=1 (full 0):
 PSYoungGen      total 28160K, used 24576K [0x00000000faa80000, 0x00000000fc980000, 0x0000000100000000)
  eden space 24576K, 100% used [0x00000000faa80000,0x00000000fc280000,0x00000000fc280000)
  from space 3584K, 0% used [0x00000000fc600000,0x00000000fc600000,0x00000000fc980000)
  to   space 3584K, 0% used [0x00000000fc280000,0x00000000fc280000,0x00000000fc600000)
 ParOldGen       total 63488K, used 0K [0x00000000f0000000, 0x00000000f3e00000, 0x00000000faa80000)
  object space 63488K, 0% used [0x00000000f0000000,0x00000000f0000000,0x00000000f3e00000)
 PSPermGen       total 21504K, used 18230K [0x00000000e5a00000, 0x00000000e6f00000, 0x00000000f0000000)
  object space 21504K, 84% used [0x00000000e5a00000,0x00000000e6bcd8f0,0x00000000e6f00000)
Event: 4.600 GC heap after
Heap after GC invocations=1 (full 0):
 PSYoungGen      total 28160K, used 3568K [0x00000000faa80000, 0x00000000fc980000, 0x0000000100000000)
  eden space 24576K, 0% used [0x00000000faa80000,0x00000000faa80000,0x00000000fc280000)
  from space 3584K, 99% used [0x00000000fc280000,0x00000000fc5fc140,0x00000000fc600000)
  to   space 3584K, 0% used [0x00000000fc600000,0x00000000fc600000,0x00000000fc980000)
 ParOldGen       total 63488K, used 4144K [0x00000000f0000000, 0x00000000f3e00000, 0x00000000faa80000)
  object space 63488K, 6% used [0x00000000f0000000,0x00000000f040c3e0,0x00000000f3e00000)
 PSPermGen       total 21504K, used 18230K [0x00000000e5a00000, 0x00000000e6f00000, 0x00000000f0000000)
  object space 21504K, 84% used [0x00000000e5a00000,0x00000000e6bcd8f0,0x00000000e6f00000)
}
Event: 5.436 GC heap before
{Heap before GC invocations=2 (full 0):
 PSYoungGen      total 28160K, used 28144K [0x00000000faa80000, 0x00000000fc980000, 0x0000000100000000)
  eden space 24576K, 100% used [0x00000000faa80000,0x00000000fc280000,0x00000000fc280000)
  from space 3584K, 99% used [0x00000000fc280000,0x00000000fc5fc140,0x00000000fc600000)
  to   space 3584K, 0% used [0x00000000fc600000,0x00000000fc600000,0x00000000fc980000)
 ParOldGen       total 63488K, used 4144K [0x00000000f0000000, 0x00000000f3e00000, 0x00000000faa80000)
  object space 63488K, 6% used [0x00000000f0000000,0x00000000f040c3e0,0x00000000f3e00000)
 PSPermGen       total 21504K, used 20775K [0x00000000e5a00000, 0x00000000e6f00000, 0x00000000f0000000)
  object space 21504K, 96% used [0x00000000e5a00000,0x00000000e6e49e88,0x00000000e6f00000)
Event: 5.447 GC heap after
Heap after GC invocations=2 (full 0):
 PSYoungGen      total 28160K, used 3568K [0x00000000faa80000, 0x00000000fc980000, 0x0000000100000000)
  eden space 24576K, 0% used [0x00000000faa80000,0x00000000faa80000,0x00000000fc280000)
  from space 3584K, 99% used [0x00000000fc600000,0x00000000fc97c0b8,0x00000000fc980000)
  to   space 3584K, 0% used [0x00000000fc280000,0x00000000fc280000,0x00000000fc600000)
 ParOldGen       total 63488K, used 10171K [0x00000000f0000000, 0x00000000f3e00000, 0x00000000faa80000)
  object space 63488K, 16% used [0x00000000f0000000,0x00000000f09eef68,0x00000000f3e00000)
 PSPermGen       total 21504K, used 20775K [0x00000000e5a00000, 0x00000000e6f00000, 0x00000000f0000000)
  object space 21504K, 96% used [0x00000000e5a00000,0x00000000e6e49e88,0x00000000e6f00000)
}
Event: 5.741 GC heap before
{Heap before GC invocations=3 (full 0):
 PSYoungGen      total 28160K, used 28144K [0x00000000faa80000, 0x00000000fc980000, 0x0000000100000000)
  eden space 24576K, 100% used [0x00000000faa80000,0x00000000fc280000,0x00000000fc280000)
  from space 3584K, 99% used [0x00000000fc600000,0x00000000fc97c0b8,0x00000000fc980000)
  to   space 3584K, 0% used [0x00000000fc280000,0x00000000fc280000,0x00000000fc600000)
 ParOldGen       total 63488K, used 10171K [0x00000000f0000000, 0x00000000f3e00000, 0x00000000faa80000)
  object space 63488K, 16% used [0x00000000f0000000,0x00000000f09eef68,0x00000000f3e00000)
 PSPermGen       total 22016K, used 21530K [0x00000000e5a00000, 0x00000000e6f80000, 0x00000000f0000000)
  object space 22016K, 97% used [0x00000000e5a00000,0x00000000e6f06aa8,0x00000000e6f80000)
Event: 5.765 GC heap after
Heap after GC invocations=3 (full 0):
 PSYoungGen      total 28160K, used 3562K [0x00000000faa80000, 0x00000000fe180000, 0x0000000100000000)
  eden space 24576K, 0% used [0x00000000faa80000,0x00000000faa80000,0x00000000fc280000)
  from space 3584K, 99% used [0x00000000fc280000,0x00000000fc5fa8e8,0x00000000fc600000)
  to   space 3584K, 0% used [0x00000000fde00000,0x00000000fde00000,0x00000000fe180000)
 ParOldGen       total 63488K, used 43461K [0x00000000f0000000, 0x00000000f3e00000, 0x00000000faa80000)
  object space 63488K, 68% used [0x00000000f0000000,0x00000000f2a71728,0x00000000f3e00000)
 PSPermGen       total 22016K, used 21530K [0x00000000e5a00000, 0x00000000e6f80000, 0x00000000f0000000)
  object space 22016K, 97% used [0x00000000e5a00000,0x00000000e6f06aa8,0x00000000e6f80000)
}
Event: 5.765 GC heap before
{Heap before GC invocations=4 (full 1):
 PSYoungGen      total 28160K, used 3562K [0x00000000faa80000, 0x00000000fe180000, 0x0000000100000000)
  eden space 24576K, 0% used [0x00000000faa80000,0x00000000faa80000,0x00000000fc280000)
  from space 3584K, 99% used [0x00000000fc280000,0x00000000fc5fa8e8,0x00000000fc600000)
  to   space 3584K, 0% used [0x00000000fde00000,0x00000000fde00000,0x00000000fe180000)
 ParOldGen       total 63488K, used 43461K [0x00000000f0000000, 0x00000000f3e00000, 0x00000000faa80000)
  object space 63488K, 68% used [0x00000000f0000000,0x00000000f2a71728,0x00000000f3e00000)
 PSPermGen       total 22016K, used 21530K [0x00000000e5a00000, 0x00000000e6f80000, 0x00000000f0000000)
  object space 22016K, 97% used [0x00000000e5a00000,0x00000000e6f06aa8,0x00000000e6f80000)
Event: 5.873 GC heap after
Heap after GC invocations=4 (full 1):
 PSYoungGen      total 28160K, used 0K [0x00000000faa80000, 0x00000000fe180000, 0x0000000100000000)
  eden space 24576K, 0% used [0x00000000faa80000,0x00000000faa80000,0x00000000fc280000)
  from space 3584K, 0% used [0x00000000fc280000,0x00000000fc280000,0x00000000fc600000)
  to   space 3584K, 0% used [0x00000000fde00000,0x00000000fde00000,0x00000000fe180000)
 ParOldGen       total 89088K, used 20748K [0x00000000f0000000, 0x00000000f5700000, 0x00000000faa80000)
  object space 89088K, 23% used [0x00000000f0000000,0x00000000f1443298,0x00000000f5700000)
 PSPermGen       total 43520K, used 21524K [0x00000000e5a00000, 0x00000000e8480000, 0x00000000f0000000)
  object space 43520K, 49% used [0x00000000e5a00000,0x00000000e6f05328,0x00000000e8480000)
}

