# JRE version: OpenJDK Runtime Environment (7.0_65-b32) (build 1.7.0_65-b32)
# Java VM: OpenJDK 64-Bit Server VM (24.65-b04 mixed mode linux-amd64 compressed oops)
Heap
 PSYoungGen      total 52736K, used 1918K [0x00000000faa80000, 0x00000000fe180000, 0x0000000100000000)
  eden space 49152K, 3% used [0x00000000faa80000,0x00000000fac5f8e8,0x00000000fda80000)
  from space 3584K, 0% used [0x00000000fde00000,0x00000000fde00000,0x00000000fe180000)
  to   space 3584K, 0% used [0x00000000fda80000,0x00000000fda80000,0x00000000fde00000)
 ParOldGen       total 82432K, used 22231K [0x00000000f0000000, 0x00000000f5080000, 0x00000000faa80000)
  object space 82432K, 26% used [0x00000000f0000000,0x00000000f15b5d98,0x00000000f5080000)
 PSPermGen       total 45056K, used 22384K [0x00000000e5a00000, 0x00000000e8600000, 0x00000000f0000000)
  object space 45056K, 49% used [0x00000000e5a00000,0x00000000e6fdc0f0,0x00000000e8600000)
GC Heap History (10 events):
Event: 2.652 GC heap before
{Heap before GC invocations=1 (full 0):
 PSYoungGen      total 28160K, used 24576K [0x00000000faa80000, 0x00000000fc980000, 0x0000000100000000)
  eden space 24576K, 100% used [0x00000000faa80000,0x00000000fc280000,0x00000000fc280000)
  from space 3584K, 0% used [0x00000000fc600000,0x00000000fc600000,0x00000000fc980000)
  to   space 3584K, 0% used [0x00000000fc280000,0x00000000fc280000,0x00000000fc600000)
 ParOldGen       total 63488K, used 0K [0x00000000f0000000, 0x00000000f3e00000, 0x00000000faa80000)
  object space 63488K, 0% used [0x00000000f0000000,0x00000000f0000000,0x00000000f3e00000)
 PSPermGen       total 21504K, used 18215K [0x00000000e5a00000, 0x00000000e6f00000, 0x00000000f0000000)
  object space 21504K, 84% used [0x00000000e5a00000,0x00000000e6bc9c20,0x00000000e6f00000)
Event: 2.668 GC heap after
Heap after GC invocations=1 (full 0):
 PSYoungGen      total 28160K, used 3568K [0x00000000faa80000, 0x00000000fc980000, 0x0000000100000000)
  eden space 24576K, 0% used [0x00000000faa80000,0x00000000faa80000,0x00000000fc280000)
  from space 3584K, 99% used [0x00000000fc280000,0x00000000fc5fc2a0,0x00000000fc600000)
  to   space 3584K, 0% used [0x00000000fc600000,0x00000000fc600000,0x00000000fc980000)
 ParOldGen       total 63488K, used 4177K [0x00000000f0000000, 0x00000000f3e00000, 0x00000000faa80000)
  object space 63488K, 6% used [0x00000000f0000000,0x00000000f0414730,0x00000000f3e00000)
 PSPermGen       total 21504K, used 18215K [0x00000000e5a00000, 0x00000000e6f00000, 0x00000000f0000000)
  object space 21504K, 84% used [0x00000000e5a00000,0x00000000e6bc9c20,0x00000000e6f00000)
}
Event: 3.192 GC heap before
{Heap before GC invocations=2 (full 0):
 PSYoungGen      total 28160K, used 28144K [0x00000000faa80000, 0x00000000fc980000, 0x0000000100000000)
  eden space 24576K, 100% used [0x00000000faa80000,0x00000000fc280000,0x00000000fc280000)
  from space 3584K, 99% used [0x00000000fc280000,0x00000000fc5fc2a0,0x00000000fc600000)
  to   space 3584K, 0% used [0x00000000fc600000,0x00000000fc600000,0x00000000fc980000)
 ParOldGen       total 63488K, used 4177K [0x00000000f0000000, 0x00000000f3e00000, 0x00000000faa80000)
  object space 63488K, 6% used [0x00000000f0000000,0x00000000f0414730,0x00000000f3e00000)
 PSPermGen       total 21504K, used 20964K [0x00000000e5a00000, 0x00000000e6f00000, 0x00000000f0000000)
  object space 21504K, 97% used [0x00000000e5a00000,0x00000000e6e790e8,0x00000000e6f00000)
Event: 3.208 GC heap after
Heap after GC invocations=2 (full 0):
 PSYoungGen      total 28160K, used 3565K [0x00000000faa80000, 0x00000000fe180000, 0x0000000100000000)
  eden space 24576K, 0% used [0x00000000faa80000,0x00000000faa80000,0x00000000fc280000)
  from space 3584K, 99% used [0x00000000fc600000,0x00000000fc97b718,0x00000000fc980000)
  to   space 3584K, 0% used [0x00000000fc280000,0x00000000fc280000,0x00000000fc600000)
 ParOldGen       total 63488K, used 10707K [0x00000000f0000000, 0x00000000f3e00000, 0x00000000faa80000)
  object space 63488K, 16% used [0x00000000f0000000,0x00000000f0a74d80,0x00000000f3e00000)
 PSPermGen       total 21504K, used 20964K [0x00000000e5a00000, 0x00000000e6f00000, 0x00000000f0000000)
  object space 21504K, 97% used [0x00000000e5a00000,0x00000000e6e790e8,0x00000000e6f00000)
}
Event: 3.467 GC heap before
{Heap before GC invocations=3 (full 0):
 PSYoungGen      total 28160K, used 28141K [0x00000000faa80000, 0x00000000fe180000, 0x0000000100000000)
  eden space 24576K, 100% used [0x00000000faa80000,0x00000000fc280000,0x00000000fc280000)
  from space 3584K, 99% used [0x00000000fc600000,0x00000000fc97b718,0x00000000fc980000)
  to   space 3584K, 0% used [0x00000000fc280000,0x00000000fc280000,0x00000000fc600000)
 ParOldGen       total 63488K, used 10707K [0x00000000f0000000, 0x00000000f3e00000, 0x00000000faa80000)
  object space 63488K, 16% used [0x00000000f0000000,0x00000000f0a74d80,0x00000000f3e00000)
 PSPermGen       total 22016K, used 21824K [0x00000000e5a00000, 0x00000000e6f80000, 0x00000000f0000000)
  object space 22016K, 99% used [0x00000000e5a00000,0x00000000e6f50168,0x00000000e6f80000)
Event: 3.483 GC heap after
Heap after GC invocations=3 (full 0):
 PSYoungGen      total 28160K, used 3568K [0x00000000faa80000, 0x00000000fe180000, 0x0000000100000000)
  eden space 24576K, 0% used [0x00000000faa80000,0x00000000faa80000,0x00000000fc280000)
  from space 3584K, 99% used [0x00000000fc280000,0x00000000fc5fc180,0x00000000fc600000)
  to   space 3584K, 0% used [0x00000000fde00000,0x00000000fde00000,0x00000000fe180000)
 ParOldGen       total 63488K, used 33545K [0x00000000f0000000, 0x00000000f3e00000, 0x00000000faa80000)
  object space 63488K, 52% used [0x00000000f0000000,0x00000000f20c27e0,0x00000000f3e00000)
 PSPermGen       total 22016K, used 21824K [0x00000000e5a00000, 0x00000000e6f80000, 0x00000000f0000000)
  object space 22016K, 99% used [0x00000000e5a00000,0x00000000e6f50168,0x00000000e6f80000)
}
Event: 4.013 GC heap before
{Heap before GC invocations=4 (full 0):
 PSYoungGen      total 28160K, used 28144K [0x00000000faa80000, 0x00000000fe180000, 0x0000000100000000)
  eden space 24576K, 100% used [0x00000000faa80000,0x00000000fc280000,0x00000000fc280000)
  from space 3584K, 99% used [0x00000000fc280000,0x00000000fc5fc180,0x00000000fc600000)
  to   space 3584K, 0% used [0x00000000fde00000,0x00000000fde00000,0x00000000fe180000)
 ParOldGen       total 63488K, used 33545K [0x00000000f0000000, 0x00000000f3e00000, 0x00000000faa80000)
  object space 63488K, 52% used [0x00000000f0000000,0x00000000f20c27e0,0x00000000f3e00000)
 PSPermGen       total 22528K, used 22389K [0x00000000e5a00000, 0x00000000e7000000, 0x00000000f0000000)
  object space 22528K, 99% used [0x00000000e5a00000,0x00000000e6fdd788,0x00000000e7000000)
Event: 4.021 GC heap after
Heap after GC invocations=4 (full 0):
 PSYoungGen      total 52736K, used 3579K [0x00000000faa80000, 0x00000000fe180000, 0x0000000100000000)
  eden space 49152K, 0% used [0x00000000faa80000,0x00000000faa80000,0x00000000fda80000)
  from space 3584K, 99% used [0x00000000fde00000,0x00000000fe17ed58,0x00000000fe180000)
  to   space 3584K, 0% used [0x00000000fda80000,0x00000000fda80000,0x00000000fde00000)
 ParOldGen       total 63488K, used 46730K [0x00000000f0000000, 0x00000000f3e00000, 0x00000000faa80000)
  object space 63488K, 73% used [0x00000000f0000000,0x00000000f2da28e0,0x00000000f3e00000)
 PSPermGen       total 22528K, used 22389K [0x00000000e5a00000, 0x00000000e7000000, 0x00000000f0000000)
  object space 22528K, 99% used [0x00000000e5a00000,0x00000000e6fdd788,0x00000000e7000000)
}
Event: 4.021 GC heap before
{Heap before GC invocations=5 (full 1):
 PSYoungGen      total 52736K, used 3579K [0x00000000faa80000, 0x00000000fe180000, 0x0000000100000000)
  eden space 49152K, 0% used [0x00000000faa80000,0x00000000faa80000,0x00000000fda80000)
  from space 3584K, 99% used [0x00000000fde00000,0x00000000fe17ed58,0x00000000fe180000)
  to   space 3584K, 0% used [0x00000000fda80000,0x00000000fda80000,0x00000000fde00000)
 ParOldGen       total 63488K, used 46730K [0x00000000f0000000, 0x00000000f3e00000, 0x00000000faa80000)
  object space 63488K, 73% used [0x00000000f0000000,0x00000000f2da28e0,0x00000000f3e00000)
 PSPermGen       total 22528K, used 22389K [0x00000000e5a00000, 0x00000000e7000000, 0x00000000f0000000)
  object space 22528K, 99% used [0x00000000e5a00000,0x00000000e6fdd788,0x00000000e7000000)
Event: 4.143 GC heap after
Heap after GC invocations=5 (full 1):
 PSYoungGen      total 52736K, used 0K [0x00000000faa80000, 0x00000000fe180000, 0x0000000100000000)
  eden space 49152K, 0% used [0x00000000faa80000,0x00000000faa80000,0x00000000fda80000)
  from space 3584K, 0% used [0x00000000fde00000,0x00000000fde00000,0x00000000fe180000)
  to   space 3584K, 0% used [0x00000000fda80000,0x00000000fda80000,0x00000000fde00000)
 ParOldGen       total 82432K, used 22231K [0x00000000f0000000, 0x00000000f5080000, 0x00000000faa80000)
  object space 82432K, 26% used [0x00000000f0000000,0x00000000f15b5d98,0x00000000f5080000)
 PSPermGen       total 45056K, used 22384K [0x00000000e5a00000, 0x00000000e8600000, 0x00000000f0000000)
  object space 45056K, 49% used [0x00000000e5a00000,0x00000000e6fdc048,0x00000000e8600000)
}

