# JRE version: OpenJDK Runtime Environment (7.0_65-b32) (build 1.7.0_65-b32)
# Java VM: OpenJDK 64-Bit Server VM (24.65-b04 mixed mode linux-amd64 compressed oops)
Heap
 PSYoungGen      total 52736K, used 2603K [0x00000000faa80000, 0x00000000fe180000, 0x0000000100000000)
  eden space 49152K, 5% used [0x00000000faa80000,0x00000000fad0afd8,0x00000000fda80000)
  from space 3584K, 0% used [0x00000000fde00000,0x00000000fde00000,0x00000000fe180000)
  to   space 3584K, 0% used [0x00000000fda80000,0x00000000fda80000,0x00000000fde00000)
 ParOldGen       total 87040K, used 32383K [0x00000000f0000000, 0x00000000f5500000, 0x00000000faa80000)
  object space 87040K, 37% used [0x00000000f0000000,0x00000000f1f9fe30,0x00000000f5500000)
 PSPermGen       total 45568K, used 22563K [0x00000000e5a00000, 0x00000000e8680000, 0x00000000f0000000)
  object space 45568K, 49% used [0x00000000e5a00000,0x00000000e7008dc0,0x00000000e8680000)
GC Heap History (10 events):
Event: 2.621 GC heap before
{Heap before GC invocations=1 (full 0):
 PSYoungGen      total 28160K, used 24576K [0x00000000faa80000, 0x00000000fc980000, 0x0000000100000000)
  eden space 24576K, 100% used [0x00000000faa80000,0x00000000fc280000,0x00000000fc280000)
  from space 3584K, 0% used [0x00000000fc600000,0x00000000fc600000,0x00000000fc980000)
  to   space 3584K, 0% used [0x00000000fc280000,0x00000000fc280000,0x00000000fc600000)
 ParOldGen       total 63488K, used 0K [0x00000000f0000000, 0x00000000f3e00000, 0x00000000faa80000)
  object space 63488K, 0% used [0x00000000f0000000,0x00000000f0000000,0x00000000f3e00000)
 PSPermGen       total 21504K, used 18233K [0x00000000e5a00000, 0x00000000e6f00000, 0x00000000f0000000)
  object space 21504K, 84% used [0x00000000e5a00000,0x00000000e6bce588,0x00000000e6f00000)
Event: 2.638 GC heap after
Heap after GC invocations=1 (full 0):
 PSYoungGen      total 28160K, used 3562K [0x00000000faa80000, 0x00000000fc980000, 0x0000000100000000)
  eden space 24576K, 0% used [0x00000000faa80000,0x00000000faa80000,0x00000000fc280000)
  from space 3584K, 99% used [0x00000000fc280000,0x00000000fc5fab20,0x00000000fc600000)
  to   space 3584K, 0% used [0x00000000fc600000,0x00000000fc600000,0x00000000fc980000)
 ParOldGen       total 63488K, used 4062K [0x00000000f0000000, 0x00000000f3e00000, 0x00000000faa80000)
  object space 63488K, 6% used [0x00000000f0000000,0x00000000f03f7920,0x00000000f3e00000)
 PSPermGen       total 21504K, used 18233K [0x00000000e5a00000, 0x00000000e6f00000, 0x00000000f0000000)
  object space 21504K, 84% used [0x00000000e5a00000,0x00000000e6bce588,0x00000000e6f00000)
}
Event: 3.166 GC heap before
{Heap before GC invocations=2 (full 0):
 PSYoungGen      total 28160K, used 28138K [0x00000000faa80000, 0x00000000fc980000, 0x0000000100000000)
  eden space 24576K, 100% used [0x00000000faa80000,0x00000000fc280000,0x00000000fc280000)
  from space 3584K, 99% used [0x00000000fc280000,0x00000000fc5fab20,0x00000000fc600000)
  to   space 3584K, 0% used [0x00000000fc600000,0x00000000fc600000,0x00000000fc980000)
 ParOldGen       total 63488K, used 4062K [0x00000000f0000000, 0x00000000f3e00000, 0x00000000faa80000)
  object space 63488K, 6% used [0x00000000f0000000,0x00000000f03f7920,0x00000000f3e00000)
 PSPermGen       total 21504K, used 20786K [0x00000000e5a00000, 0x00000000e6f00000, 0x00000000f0000000)
  object space 21504K, 96% used [0x00000000e5a00000,0x00000000e6e4c9a0,0x00000000e6f00000)
Event: 3.183 GC heap after
Heap after GC invocations=2 (full 0):
 PSYoungGen      total 28160K, used 3560K [0x00000000faa80000, 0x00000000fe180000, 0x0000000100000000)
  eden space 24576K, 0% used [0x00000000faa80000,0x00000000faa80000,0x00000000fc280000)
  from space 3584K, 99% used [0x00000000fc600000,0x00000000fc97a248,0x00000000fc980000)
  to   space 3584K, 0% used [0x00000000fc280000,0x00000000fc280000,0x00000000fc600000)
 ParOldGen       total 63488K, used 10528K [0x00000000f0000000, 0x00000000f3e00000, 0x00000000faa80000)
  object space 63488K, 16% used [0x00000000f0000000,0x00000000f0a48030,0x00000000f3e00000)
 PSPermGen       total 21504K, used 20786K [0x00000000e5a00000, 0x00000000e6f00000, 0x00000000f0000000)
  object space 21504K, 96% used [0x00000000e5a00000,0x00000000e6e4c9a0,0x00000000e6f00000)
}
Event: 3.780 GC heap before
{Heap before GC invocations=3 (full 0):
 PSYoungGen      total 28160K, used 28136K [0x00000000faa80000, 0x00000000fe180000, 0x0000000100000000)
  eden space 24576K, 100% used [0x00000000faa80000,0x00000000fc280000,0x00000000fc280000)
  from space 3584K, 99% used [0x00000000fc600000,0x00000000fc97a248,0x00000000fc980000)
  to   space 3584K, 0% used [0x00000000fc280000,0x00000000fc280000,0x00000000fc600000)
 ParOldGen       total 63488K, used 24928K [0x00000000f0000000, 0x00000000f3e00000, 0x00000000faa80000)
  object space 63488K, 39% used [0x00000000f0000000,0x00000000f1858040,0x00000000f3e00000)
 PSPermGen       total 22528K, used 22070K [0x00000000e5a00000, 0x00000000e7000000, 0x00000000f0000000)
  object space 22528K, 97% used [0x00000000e5a00000,0x00000000e6f8d898,0x00000000e7000000)
Event: 3.797 GC heap after
Heap after GC invocations=3 (full 0):
 PSYoungGen      total 28160K, used 3582K [0x00000000faa80000, 0x00000000fe180000, 0x0000000100000000)
  eden space 24576K, 0% used [0x00000000faa80000,0x00000000faa80000,0x00000000fc280000)
  from space 3584K, 99% used [0x00000000fc280000,0x00000000fc5ff9c0,0x00000000fc600000)
  to   space 3584K, 0% used [0x00000000fde00000,0x00000000fde00000,0x00000000fe180000)
 ParOldGen       total 63488K, used 27730K [0x00000000f0000000, 0x00000000f3e00000, 0x00000000faa80000)
  object space 63488K, 43% used [0x00000000f0000000,0x00000000f1b149f0,0x00000000f3e00000)
 PSPermGen       total 22528K, used 22070K [0x00000000e5a00000, 0x00000000e7000000, 0x00000000f0000000)
  object space 22528K, 97% used [0x00000000e5a00000,0x00000000e6f8d898,0x00000000e7000000)
}
Event: 4.060 GC heap before
{Heap before GC invocations=4 (full 0):
 PSYoungGen      total 28160K, used 28158K [0x00000000faa80000, 0x00000000fe180000, 0x0000000100000000)
  eden space 24576K, 100% used [0x00000000faa80000,0x00000000fc280000,0x00000000fc280000)
  from space 3584K, 99% used [0x00000000fc280000,0x00000000fc5ff9c0,0x00000000fc600000)
  to   space 3584K, 0% used [0x00000000fde00000,0x00000000fde00000,0x00000000fe180000)
 ParOldGen       total 63488K, used 27730K [0x00000000f0000000, 0x00000000f3e00000, 0x00000000faa80000)
  object space 63488K, 43% used [0x00000000f0000000,0x00000000f1b149f0,0x00000000f3e00000)
 PSPermGen       total 23040K, used 22568K [0x00000000e5a00000, 0x00000000e7080000, 0x00000000f0000000)
  object space 23040K, 97% used [0x00000000e5a00000,0x00000000e700a340,0x00000000e7080000)
Event: 4.099 GC heap after
Heap after GC invocations=4 (full 0):
 PSYoungGen      total 52736K, used 3571K [0x00000000faa80000, 0x00000000fe180000, 0x0000000100000000)
  eden space 49152K, 0% used [0x00000000faa80000,0x00000000faa80000,0x00000000fda80000)
  from space 3584K, 99% used [0x00000000fde00000,0x00000000fe17cda0,0x00000000fe180000)
  to   space 3584K, 0% used [0x00000000fda80000,0x00000000fda80000,0x00000000fde00000)
 ParOldGen       total 63488K, used 47432K [0x00000000f0000000, 0x00000000f3e00000, 0x00000000faa80000)
  object space 63488K, 74% used [0x00000000f0000000,0x00000000f2e52370,0x00000000f3e00000)
 PSPermGen       total 23040K, used 22568K [0x00000000e5a00000, 0x00000000e7080000, 0x00000000f0000000)
  object space 23040K, 97% used [0x00000000e5a00000,0x00000000e700a340,0x00000000e7080000)
}
Event: 4.099 GC heap before
{Heap before GC invocations=5 (full 1):
 PSYoungGen      total 52736K, used 3571K [0x00000000faa80000, 0x00000000fe180000, 0x0000000100000000)
  eden space 49152K, 0% used [0x00000000faa80000,0x00000000faa80000,0x00000000fda80000)
  from space 3584K, 99% used [0x00000000fde00000,0x00000000fe17cda0,0x00000000fe180000)
  to   space 3584K, 0% used [0x00000000fda80000,0x00000000fda80000,0x00000000fde00000)
 ParOldGen       total 63488K, used 47432K [0x00000000f0000000, 0x00000000f3e00000, 0x00000000faa80000)
  object space 63488K, 74% used [0x00000000f0000000,0x00000000f2e52370,0x00000000f3e00000)
 PSPermGen       total 23040K, used 22568K [0x00000000e5a00000, 0x00000000e7080000, 0x00000000f0000000)
  object space 23040K, 97% used [0x00000000e5a00000,0x00000000e700a340,0x00000000e7080000)
Event: 4.235 GC heap after
Heap after GC invocations=5 (full 1):
 PSYoungGen      total 52736K, used 0K [0x00000000faa80000, 0x00000000fe180000, 0x0000000100000000)
  eden space 49152K, 0% used [0x00000000faa80000,0x00000000faa80000,0x00000000fda80000)
  from space 3584K, 0% used [0x00000000fde00000,0x00000000fde00000,0x00000000fe180000)
  to   space 3584K, 0% used [0x00000000fda80000,0x00000000fda80000,0x00000000fde00000)
 ParOldGen       total 87040K, used 32383K [0x00000000f0000000, 0x00000000f5500000, 0x00000000faa80000)
  object space 87040K, 37% used [0x00000000f0000000,0x00000000f1f9fe30,0x00000000f5500000)
 PSPermGen       total 45568K, used 22562K [0x00000000e5a00000, 0x00000000e8680000, 0x00000000f0000000)
  object space 45568K, 49% used [0x00000000e5a00000,0x00000000e7008ba0,0x00000000e8680000)
}

